<?xml version="1.0" encoding="UTF-8" standalone="no"?><testsuite errors="0" failures="1" name="Empleado" skipped="0" tests="1" time="17.57" timestamp="2024-07-15 03:46:52"><testcase name="Registro nuevo empleado"><failure message="&#10;Expected: a string containing &quot;Application StageS&quot;&#10;     but: was &quot;Application Stage&quot;" type="java.lang.AssertionError">
Expected: a string containing "Application StageS"
     but: was "Application Stage"</failure><system-err>
Expected: a string containing "Application StageS"
     but: was "Application Stage"&#13;
stepdefinitions.RegistroCandidatoStepDefinitions.validarEmpleadoRegistrado(RegistroEmpleadoStepDefinitions.java:23)&#13;
worker.org.gradle.process.internal.worker.GradleWorkerMain.run(GradleWorkerMain.java:69)&#13;
worker.org.gradle.process.internal.worker.GradleWorkerMain.main(GradleWorkerMain.java:74)&#13;
</system-err></testcase></testsuite>