<?xml version="1.0" encoding="UTF-8" standalone="no"?><testsuite errors="1" failures="0" name="login prueba" skipped="0" tests="1" time="0.23" timestamp="2024-07-13 07:40:45"><testcase name="inicion sesion satisfactoriamente"><error message="No stage available - it looks like you haven't called the setTheStage() method before calling this one." type="net.serenitybdd.screenplay.actors.NoStageException">No stage available - it looks like you haven't called the setTheStage() method before calling this one.</error><system-err>No stage available - it looks like you haven't called the setTheStage() method before calling this one.&#13;
stepdefinitions.LoginStepDefinitios.ingresoAlAplicativoDemo(LoginStepDefinitios.java:17)&#13;
✽.ingreso al aplicativo demo(file:///C:/Users/acastanog/Documents/PracticaScreenplay/src/test/resources/features/login.feature:5)&#13;
</system-err></testcase></testsuite>