<?xml version="1.0" encoding="UTF-8" standalone="no"?><testsuite errors="1" failures="0" name="candidato" skipped="0" tests="1" time="8.53" timestamp="2024-07-15 04:15:22"><testcase name="Registro nuevo candidato"><error type="java.lang.ExceptionInInitializerError"/><system-err>null&#13;
com.practica.screenplay.task.RegistroCandidato.performAs(RegistroCandidato.java:25)&#13;
stepdefinitions.RegistroCandidatoStepDefinitions.registroEmpleado(RegistroCandidatoStepDefinitions.java:19)&#13;
worker.org.gradle.process.internal.worker.GradleWorkerMain.run(GradleWorkerMain.java:69)&#13;
worker.org.gradle.process.internal.worker.GradleWorkerMain.main(GradleWorkerMain.java:74)&#13;
</system-err></testcase></testsuite>